{"C:\\Users\\Chirag Shetty\\Desktop\\Saturday\\BillingPortalMtest\\api.js": {"path":"C:\\Users\\Chirag Shetty\\Desktop\\Saturday\\BillingPortalMtest\\api.js","statementMap":{"0":{"start":{"line":1,"column":14},"end":{"line":1,"column":32}},"1":{"start":{"line":2,"column":32},"end":{"line":2,"column":56}},"2":{"start":{"line":3,"column":13},"end":{"line":3,"column":29}},"3":{"start":{"line":4,"column":10},"end":{"line":4,"column":24}},"4":{"start":{"line":5,"column":10},"end":{"line":5,"column":29}},"5":{"start":{"line":6,"column":11},"end":{"line":6,"column":26}},"6":{"start":{"line":8,"column":0},"end":{"line":40,"column":2}},"7":{"start":{"line":9,"column":11},"end":{"line":9,"column":17}},"8":{"start":{"line":10,"column":4},"end":{"line":10,"column":31}},"9":{"start":{"line":11,"column":18},"end":{"line":11,"column":31}},"10":{"start":{"line":13,"column":0},"end":{"line":20,"column":1}},"11":{"start":{"line":15,"column":4},"end":{"line":15,"column":91}},"12":{"start":{"line":18,"column":4},"end":{"line":18,"column":102}},"13":{"start":{"line":21,"column":0},"end":{"line":39,"column":3}},"14":{"start":{"line":22,"column":4},"end":{"line":38,"column":5}},"15":{"start":{"line":23,"column":10},"end":{"line":23,"column":24}},"16":{"start":{"line":25,"column":22},"end":{"line":34,"column":9}},"17":{"start":{"line":35,"column":8},"end":{"line":37,"column":12}},"18":{"start":{"line":36,"column":12},"end":{"line":36,"column":29}},"19":{"start":{"line":42,"column":0},"end":{"line":114,"column":2}},"20":{"start":{"line":43,"column":10},"end":{"line":43,"column":16}},"21":{"start":{"line":44,"column":18},"end":{"line":46,"column":5}},"22":{"start":{"line":47,"column":22},"end":{"line":69,"column":5}},"23":{"start":{"line":75,"column":22},"end":{"line":75,"column":91}},"24":{"start":{"line":76,"column":19},"end":{"line":83,"column":9}},"25":{"start":{"line":77,"column":15},"end":{"line":77,"column":116}},"26":{"start":{"line":79,"column":6},"end":{"line":79,"column":42}},"27":{"start":{"line":80,"column":7},"end":{"line":80,"column":76}},"28":{"start":{"line":81,"column":7},"end":{"line":81,"column":18}},"29":{"start":{"line":85,"column":4},"end":{"line":87,"column":6}},"30":{"start":{"line":86,"column":7},"end":{"line":86,"column":56}},"31":{"start":{"line":88,"column":20},"end":{"line":88,"column":43}},"32":{"start":{"line":91,"column":23},"end":{"line":109,"column":2}},"33":{"start":{"line":111,"column":20},"end":{"line":111,"column":92}},"34":{"start":{"line":112,"column":26},"end":{"line":112,"column":52}},"35":{"start":{"line":113,"column":0},"end":{"line":113,"column":80}},"36":{"start":{"line":117,"column":0},"end":{"line":196,"column":2}},"37":{"start":{"line":119,"column":15},"end":{"line":119,"column":29}},"38":{"start":{"line":121,"column":13},"end":{"line":121,"column":19}},"39":{"start":{"line":122,"column":4},"end":{"line":194,"column":5}},"40":{"start":{"line":124,"column":24},"end":{"line":124,"column":39}},"41":{"start":{"line":125,"column":24},"end":{"line":125,"column":36}},"42":{"start":{"line":127,"column":8},"end":{"line":188,"column":5}},"43":{"start":{"line":130,"column":23},"end":{"line":130,"column":112}},"44":{"start":{"line":132,"column":14},"end":{"line":132,"column":77}},"45":{"start":{"line":133,"column":15},"end":{"line":133,"column":21}},"46":{"start":{"line":136,"column":32},"end":{"line":136,"column":119}},"47":{"start":{"line":139,"column":16},"end":{"line":139,"column":86}},"48":{"start":{"line":141,"column":20},"end":{"line":141,"column":26}},"49":{"start":{"line":147,"column":30},"end":{"line":149,"column":17}},"50":{"start":{"line":150,"column":34},"end":{"line":178,"column":17}},"51":{"start":{"line":180,"column":36},"end":{"line":180,"column":107}},"52":{"start":{"line":182,"column":16},"end":{"line":182,"column":87}},"53":{"start":{"line":184,"column":16},"end":{"line":184,"column":22}},"54":{"start":{"line":187,"column":16},"end":{"line":187,"column":90}},"55":{"start":{"line":193,"column":8},"end":{"line":193,"column":21}},"56":{"start":{"line":199,"column":0},"end":{"line":260,"column":2}},"57":{"start":{"line":200,"column":13},"end":{"line":200,"column":19}},"58":{"start":{"line":201,"column":15},"end":{"line":203,"column":5}},"59":{"start":{"line":204,"column":22},"end":{"line":232,"column":5}},"60":{"start":{"line":235,"column":28},"end":{"line":235,"column":97}},"61":{"start":{"line":236,"column":20},"end":{"line":250,"column":9}},"62":{"start":{"line":237,"column":15},"end":{"line":237,"column":116}},"63":{"start":{"line":238,"column":4},"end":{"line":238,"column":45}},"64":{"start":{"line":240,"column":8},"end":{"line":240,"column":95}},"65":{"start":{"line":241,"column":8},"end":{"line":241,"column":55}},"66":{"start":{"line":243,"column":8},"end":{"line":243,"column":72}},"67":{"start":{"line":244,"column":20},"end":{"line":244,"column":57}},"68":{"start":{"line":245,"column":8},"end":{"line":245,"column":40}},"69":{"start":{"line":246,"column":8},"end":{"line":246,"column":55}},"70":{"start":{"line":248,"column":8},"end":{"line":248,"column":22}},"71":{"start":{"line":249,"column":8},"end":{"line":249,"column":19}},"72":{"start":{"line":252,"column":26},"end":{"line":252,"column":97}},"73":{"start":{"line":253,"column":21},"end":{"line":257,"column":9}},"74":{"start":{"line":253,"column":57},"end":{"line":253,"column":88}},"75":{"start":{"line":254,"column":7},"end":{"line":254,"column":20}},"76":{"start":{"line":255,"column":7},"end":{"line":255,"column":18}},"77":{"start":{"line":259,"column":4},"end":{"line":259,"column":84}},"78":{"start":{"line":264,"column":0},"end":{"line":333,"column":2}},"79":{"start":{"line":265,"column":13},"end":{"line":265,"column":19}},"80":{"start":{"line":268,"column":34},"end":{"line":268,"column":118}},"81":{"start":{"line":269,"column":4},"end":{"line":332,"column":1}},"82":{"start":{"line":269,"column":42},"end":{"line":269,"column":146}},"83":{"start":{"line":271,"column":18},"end":{"line":273,"column":5}},"84":{"start":{"line":274,"column":22},"end":{"line":302,"column":5}},"85":{"start":{"line":308,"column":22},"end":{"line":308,"column":91}},"86":{"start":{"line":309,"column":19},"end":{"line":323,"column":9}},"87":{"start":{"line":310,"column":15},"end":{"line":310,"column":116}},"88":{"start":{"line":311,"column":4},"end":{"line":311,"column":45}},"89":{"start":{"line":313,"column":4},"end":{"line":313,"column":92}},"90":{"start":{"line":314,"column":4},"end":{"line":314,"column":51}},"91":{"start":{"line":315,"column":4},"end":{"line":315,"column":68}},"92":{"start":{"line":317,"column":16},"end":{"line":317,"column":53}},"93":{"start":{"line":318,"column":4},"end":{"line":318,"column":36}},"94":{"start":{"line":319,"column":4},"end":{"line":319,"column":51}},"95":{"start":{"line":320,"column":4},"end":{"line":320,"column":17}},"96":{"start":{"line":321,"column":5},"end":{"line":321,"column":16}},"97":{"start":{"line":326,"column":18},"end":{"line":326,"column":33}},"98":{"start":{"line":327,"column":0},"end":{"line":327,"column":24}},"99":{"start":{"line":329,"column":0},"end":{"line":331,"column":2}},"100":{"start":{"line":330,"column":4},"end":{"line":330,"column":60}},"101":{"start":{"line":335,"column":0},"end":{"line":351,"column":2}},"102":{"start":{"line":336,"column":11},"end":{"line":336,"column":17}},"103":{"start":{"line":337,"column":4},"end":{"line":337,"column":31}},"104":{"start":{"line":338,"column":18},"end":{"line":338,"column":31}},"105":{"start":{"line":340,"column":0},"end":{"line":348,"column":1}},"106":{"start":{"line":342,"column":4},"end":{"line":342,"column":91}},"107":{"start":{"line":346,"column":4},"end":{"line":346,"column":102}},"108":{"start":{"line":349,"column":4},"end":{"line":349,"column":29}},"109":{"start":{"line":350,"column":4},"end":{"line":350,"column":55}},"110":{"start":{"line":355,"column":0},"end":{"line":448,"column":2}},"111":{"start":{"line":356,"column":13},"end":{"line":356,"column":19}},"112":{"start":{"line":357,"column":19},"end":{"line":357,"column":42}},"113":{"start":{"line":362,"column":21},"end":{"line":362,"column":58}},"114":{"start":{"line":363,"column":19},"end":{"line":363,"column":47}},"115":{"start":{"line":364,"column":17},"end":{"line":364,"column":43}},"116":{"start":{"line":366,"column":24},"end":{"line":366,"column":59}},"117":{"start":{"line":367,"column":22},"end":{"line":367,"column":55}},"118":{"start":{"line":369,"column":19},"end":{"line":369,"column":43}},"119":{"start":{"line":370,"column":21},"end":{"line":370,"column":47}},"120":{"start":{"line":374,"column":18},"end":{"line":376,"column":5}},"121":{"start":{"line":377,"column":22},"end":{"line":399,"column":5}},"122":{"start":{"line":400,"column":22},"end":{"line":400,"column":91}},"123":{"start":{"line":401,"column":19},"end":{"line":407,"column":9}},"124":{"start":{"line":402,"column":15},"end":{"line":402,"column":52}},"125":{"start":{"line":403,"column":4},"end":{"line":403,"column":34}},"126":{"start":{"line":404,"column":4},"end":{"line":404,"column":69}},"127":{"start":{"line":405,"column":4},"end":{"line":405,"column":15}},"128":{"start":{"line":409,"column":4},"end":{"line":411,"column":6}},"129":{"start":{"line":410,"column":7},"end":{"line":410,"column":56}},"130":{"start":{"line":412,"column":20},"end":{"line":412,"column":42}},"131":{"start":{"line":416,"column":25},"end":{"line":421,"column":9}},"132":{"start":{"line":417,"column":20},"end":{"line":417,"column":81}},"133":{"start":{"line":418,"column":4},"end":{"line":418,"column":45}},"134":{"start":{"line":419,"column":4},"end":{"line":419,"column":43}},"135":{"start":{"line":420,"column":4},"end":{"line":420,"column":15}},"136":{"start":{"line":422,"column":4},"end":{"line":424,"column":6}},"137":{"start":{"line":423,"column":8},"end":{"line":423,"column":57}},"138":{"start":{"line":425,"column":26},"end":{"line":425,"column":54}},"139":{"start":{"line":429,"column":24},"end":{"line":429,"column":47}},"140":{"start":{"line":430,"column":18},"end":{"line":430,"column":60}},"141":{"start":{"line":432,"column":19},"end":{"line":432,"column":43}},"142":{"start":{"line":433,"column":20},"end":{"line":433,"column":46}},"143":{"start":{"line":434,"column":18},"end":{"line":434,"column":42}},"144":{"start":{"line":436,"column":24},"end":{"line":436,"column":64}},"145":{"start":{"line":437,"column":25},"end":{"line":437,"column":66}},"146":{"start":{"line":438,"column":23},"end":{"line":438,"column":62}},"147":{"start":{"line":440,"column":21},"end":{"line":440,"column":44}},"148":{"start":{"line":441,"column":22},"end":{"line":441,"column":46}},"149":{"start":{"line":442,"column":20},"end":{"line":442,"column":42}},"150":{"start":{"line":445,"column":4},"end":{"line":447,"column":93}},"151":{"start":{"line":479,"column":0},"end":{"line":481,"column":2}},"152":{"start":{"line":480,"column":4},"end":{"line":480,"column":24}},"153":{"start":{"line":482,"column":0},"end":{"line":482,"column":24}}},"fnMap":{"0":{"name":"(anonymous_0)","decl":{"start":{"line":8,"column":26},"end":{"line":8,"column":27}},"loc":{"start":{"line":8,"column":42},"end":{"line":40,"column":1}},"line":8},"1":{"name":"(anonymous_1)","decl":{"start":{"line":21,"column":97},"end":{"line":21,"column":98}},"loc":{"start":{"line":21,"column":112},"end":{"line":39,"column":1}},"line":21},"2":{"name":"(anonymous_2)","decl":{"start":{"line":35,"column":43},"end":{"line":35,"column":44}},"loc":{"start":{"line":35,"column":65},"end":{"line":37,"column":11}},"line":35},"3":{"name":"(anonymous_3)","decl":{"start":{"line":42,"column":36},"end":{"line":42,"column":37}},"loc":{"start":{"line":42,"column":52},"end":{"line":114,"column":1}},"line":42},"4":{"name":"(anonymous_4)","decl":{"start":{"line":76,"column":39},"end":{"line":76,"column":40}},"loc":{"start":{"line":76,"column":50},"end":{"line":83,"column":5}},"line":76},"5":{"name":"(anonymous_5)","decl":{"start":{"line":85,"column":20},"end":{"line":85,"column":21}},"loc":{"start":{"line":85,"column":27},"end":{"line":87,"column":5}},"line":85},"6":{"name":"(anonymous_6)","decl":{"start":{"line":117,"column":47},"end":{"line":117,"column":48}},"loc":{"start":{"line":117,"column":63},"end":{"line":196,"column":1}},"line":117},"7":{"name":"(anonymous_7)","decl":{"start":{"line":199,"column":48},"end":{"line":199,"column":49}},"loc":{"start":{"line":199,"column":64},"end":{"line":260,"column":1}},"line":199},"8":{"name":"(anonymous_8)","decl":{"start":{"line":236,"column":46},"end":{"line":236,"column":47}},"loc":{"start":{"line":236,"column":57},"end":{"line":250,"column":5}},"line":236},"9":{"name":"(anonymous_9)","decl":{"start":{"line":253,"column":45},"end":{"line":253,"column":46}},"loc":{"start":{"line":253,"column":56},"end":{"line":257,"column":5}},"line":253},"10":{"name":"(anonymous_10)","decl":{"start":{"line":264,"column":55},"end":{"line":264,"column":56}},"loc":{"start":{"line":264,"column":71},"end":{"line":333,"column":1}},"line":264},"11":{"name":"(anonymous_11)","decl":{"start":{"line":309,"column":39},"end":{"line":309,"column":40}},"loc":{"start":{"line":309,"column":50},"end":{"line":323,"column":5}},"line":309},"12":{"name":"(anonymous_12)","decl":{"start":{"line":329,"column":100},"end":{"line":329,"column":101}},"loc":{"start":{"line":329,"column":106},"end":{"line":331,"column":1}},"line":329},"13":{"name":"(anonymous_13)","decl":{"start":{"line":335,"column":51},"end":{"line":335,"column":52}},"loc":{"start":{"line":335,"column":67},"end":{"line":351,"column":1}},"line":335},"14":{"name":"(anonymous_14)","decl":{"start":{"line":355,"column":43},"end":{"line":355,"column":44}},"loc":{"start":{"line":355,"column":59},"end":{"line":448,"column":1}},"line":355},"15":{"name":"(anonymous_15)","decl":{"start":{"line":401,"column":39},"end":{"line":401,"column":40}},"loc":{"start":{"line":401,"column":50},"end":{"line":407,"column":5}},"line":401},"16":{"name":"(anonymous_16)","decl":{"start":{"line":409,"column":20},"end":{"line":409,"column":21}},"loc":{"start":{"line":409,"column":27},"end":{"line":411,"column":5}},"line":409},"17":{"name":"(anonymous_17)","decl":{"start":{"line":416,"column":45},"end":{"line":416,"column":46}},"loc":{"start":{"line":416,"column":56},"end":{"line":421,"column":5}},"line":416},"18":{"name":"(anonymous_18)","decl":{"start":{"line":422,"column":26},"end":{"line":422,"column":27}},"loc":{"start":{"line":422,"column":33},"end":{"line":424,"column":5}},"line":422},"19":{"name":"(anonymous_19)","decl":{"start":{"line":479,"column":24},"end":{"line":479,"column":25}},"loc":{"start":{"line":479,"column":35},"end":{"line":481,"column":1}},"line":479}},"branchMap":{"0":{"loc":{"start":{"line":13,"column":0},"end":{"line":20,"column":1}},"type":"if","locations":[{"start":{"line":13,"column":0},"end":{"line":20,"column":1}},{"start":{"line":13,"column":0},"end":{"line":20,"column":1}}],"line":13},"1":{"loc":{"start":{"line":22,"column":4},"end":{"line":38,"column":5}},"type":"if","locations":[{"start":{"line":22,"column":4},"end":{"line":38,"column":5}},{"start":{"line":22,"column":4},"end":{"line":38,"column":5}}],"line":22},"2":{"loc":{"start":{"line":86,"column":14},"end":{"line":86,"column":55}},"type":"cond-expr","locations":[{"start":{"line":86,"column":31},"end":{"line":86,"column":33}},{"start":{"line":86,"column":35},"end":{"line":86,"column":55}}],"line":86},"3":{"loc":{"start":{"line":86,"column":35},"end":{"line":86,"column":55}},"type":"cond-expr","locations":[{"start":{"line":86,"column":52},"end":{"line":86,"column":53}},{"start":{"line":86,"column":54},"end":{"line":86,"column":55}}],"line":86},"4":{"loc":{"start":{"line":122,"column":4},"end":{"line":194,"column":5}},"type":"if","locations":[{"start":{"line":122,"column":4},"end":{"line":194,"column":5}},{"start":{"line":122,"column":4},"end":{"line":194,"column":5}}],"line":122},"5":{"loc":{"start":{"line":127,"column":8},"end":{"line":188,"column":5}},"type":"switch","locations":[{"start":{"line":128,"column":12},"end":{"line":133,"column":21}},{"start":{"line":135,"column":12},"end":{"line":141,"column":26}},{"start":{"line":143,"column":12},"end":{"line":184,"column":22}},{"start":{"line":186,"column":12},"end":{"line":187,"column":90}}],"line":127},"6":{"loc":{"start":{"line":269,"column":4},"end":{"line":332,"column":1}},"type":"if","locations":[{"start":{"line":269,"column":4},"end":{"line":332,"column":1}},{"start":{"line":269,"column":4},"end":{"line":332,"column":1}}],"line":269},"7":{"loc":{"start":{"line":340,"column":0},"end":{"line":348,"column":1}},"type":"if","locations":[{"start":{"line":340,"column":0},"end":{"line":348,"column":1}},{"start":{"line":340,"column":0},"end":{"line":348,"column":1}}],"line":340},"8":{"loc":{"start":{"line":410,"column":14},"end":{"line":410,"column":55}},"type":"cond-expr","locations":[{"start":{"line":410,"column":31},"end":{"line":410,"column":33}},{"start":{"line":410,"column":35},"end":{"line":410,"column":55}}],"line":410},"9":{"loc":{"start":{"line":410,"column":35},"end":{"line":410,"column":55}},"type":"cond-expr","locations":[{"start":{"line":410,"column":52},"end":{"line":410,"column":53}},{"start":{"line":410,"column":54},"end":{"line":410,"column":55}}],"line":410},"10":{"loc":{"start":{"line":423,"column":15},"end":{"line":423,"column":56}},"type":"cond-expr","locations":[{"start":{"line":423,"column":32},"end":{"line":423,"column":34}},{"start":{"line":423,"column":36},"end":{"line":423,"column":56}}],"line":423},"11":{"loc":{"start":{"line":423,"column":36},"end":{"line":423,"column":56}},"type":"cond-expr","locations":[{"start":{"line":423,"column":53},"end":{"line":423,"column":54}},{"start":{"line":423,"column":55},"end":{"line":423,"column":56}}],"line":423}},"s":{"0":1,"1":1,"2":1,"3":1,"4":1,"5":1,"6":1,"7":0,"8":0,"9":0,"10":0,"11":0,"12":0,"13":0,"14":0,"15":0,"16":0,"17":0,"18":0,"19":1,"20":0,"21":0,"22":0,"23":0,"24":0,"25":0,"26":0,"27":0,"28":0,"29":0,"30":0,"31":0,"32":0,"33":0,"34":0,"35":0,"36":1,"37":0,"38":0,"39":0,"40":0,"41":0,"42":0,"43":0,"44":0,"45":0,"46":0,"47":0,"48":0,"49":0,"50":0,"51":0,"52":0,"53":0,"54":0,"55":0,"56":1,"57":0,"58":0,"59":0,"60":0,"61":0,"62":0,"63":0,"64":0,"65":0,"66":0,"67":0,"68":0,"69":0,"70":0,"71":0,"72":0,"73":0,"74":0,"75":0,"76":0,"77":0,"78":1,"79":0,"80":0,"81":0,"82":0,"83":0,"84":0,"85":0,"86":0,"87":0,"88":0,"89":0,"90":0,"91":0,"92":0,"93":0,"94":0,"95":0,"96":0,"97":0,"98":0,"99":0,"100":0,"101":1,"102":0,"103":0,"104":0,"105":0,"106":0,"107":0,"108":0,"109":0,"110":1,"111":0,"112":0,"113":0,"114":0,"115":0,"116":0,"117":0,"118":0,"119":0,"120":0,"121":0,"122":0,"123":0,"124":0,"125":0,"126":0,"127":0,"128":0,"129":0,"130":0,"131":0,"132":0,"133":0,"134":0,"135":0,"136":0,"137":0,"138":0,"139":0,"140":0,"141":0,"142":0,"143":0,"144":0,"145":0,"146":0,"147":0,"148":0,"149":0,"150":0,"151":1,"152":0,"153":1},"f":{"0":0,"1":0,"2":0,"3":0,"4":0,"5":0,"6":0,"7":0,"8":0,"9":0,"10":0,"11":0,"12":0,"13":0,"14":0,"15":0,"16":0,"17":0,"18":0,"19":0},"b":{"0":[0,0],"1":[0,0],"2":[0,0],"3":[0,0],"4":[0,0],"5":[0,0,0,0],"6":[0,0],"7":[0,0],"8":[0,0],"9":[0,0],"10":[0,0],"11":[0,0]},"_coverageSchema":"1a1c01bbd47fc00a2c39e90264f33305004495a9","hash":"7aa18b9ec6af19b4f10de1b1fc59aa9802b2c62b"}
,"C:\\Users\\Chirag Shetty\\Desktop\\Saturday\\BillingPortalMtest\\apitest.js": {"path":"C:\\Users\\Chirag Shetty\\Desktop\\Saturday\\BillingPortalMtest\\apitest.js","statementMap":{"0":{"start":{"line":1,"column":14},"end":{"line":1,"column":32}},"1":{"start":{"line":2,"column":32},"end":{"line":2,"column":56}},"2":{"start":{"line":3,"column":13},"end":{"line":3,"column":29}},"3":{"start":{"line":4,"column":10},"end":{"line":4,"column":24}},"4":{"start":{"line":5,"column":10},"end":{"line":5,"column":29}},"5":{"start":{"line":6,"column":11},"end":{"line":6,"column":26}},"6":{"start":{"line":44,"column":0},"end":{"line":116,"column":2}},"7":{"start":{"line":45,"column":10},"end":{"line":45,"column":16}},"8":{"start":{"line":46,"column":18},"end":{"line":48,"column":5}},"9":{"start":{"line":49,"column":22},"end":{"line":71,"column":5}},"10":{"start":{"line":77,"column":22},"end":{"line":77,"column":91}},"11":{"start":{"line":78,"column":19},"end":{"line":85,"column":9}},"12":{"start":{"line":79,"column":15},"end":{"line":79,"column":116}},"13":{"start":{"line":81,"column":6},"end":{"line":81,"column":42}},"14":{"start":{"line":82,"column":7},"end":{"line":82,"column":76}},"15":{"start":{"line":83,"column":7},"end":{"line":83,"column":18}},"16":{"start":{"line":87,"column":4},"end":{"line":89,"column":6}},"17":{"start":{"line":88,"column":7},"end":{"line":88,"column":56}},"18":{"start":{"line":90,"column":20},"end":{"line":90,"column":43}},"19":{"start":{"line":93,"column":23},"end":{"line":111,"column":2}},"20":{"start":{"line":113,"column":20},"end":{"line":113,"column":92}},"21":{"start":{"line":114,"column":26},"end":{"line":114,"column":52}},"22":{"start":{"line":115,"column":0},"end":{"line":115,"column":66}},"23":{"start":{"line":119,"column":0},"end":{"line":198,"column":2}},"24":{"start":{"line":121,"column":15},"end":{"line":121,"column":29}},"25":{"start":{"line":123,"column":13},"end":{"line":123,"column":19}},"26":{"start":{"line":124,"column":4},"end":{"line":196,"column":5}},"27":{"start":{"line":126,"column":24},"end":{"line":126,"column":39}},"28":{"start":{"line":127,"column":24},"end":{"line":127,"column":36}},"29":{"start":{"line":129,"column":8},"end":{"line":190,"column":5}},"30":{"start":{"line":132,"column":23},"end":{"line":132,"column":112}},"31":{"start":{"line":134,"column":14},"end":{"line":134,"column":77}},"32":{"start":{"line":135,"column":15},"end":{"line":135,"column":21}},"33":{"start":{"line":138,"column":32},"end":{"line":138,"column":119}},"34":{"start":{"line":141,"column":16},"end":{"line":141,"column":86}},"35":{"start":{"line":143,"column":20},"end":{"line":143,"column":26}},"36":{"start":{"line":149,"column":30},"end":{"line":151,"column":17}},"37":{"start":{"line":152,"column":34},"end":{"line":180,"column":17}},"38":{"start":{"line":182,"column":36},"end":{"line":182,"column":107}},"39":{"start":{"line":184,"column":16},"end":{"line":184,"column":87}},"40":{"start":{"line":186,"column":16},"end":{"line":186,"column":22}},"41":{"start":{"line":189,"column":16},"end":{"line":189,"column":90}},"42":{"start":{"line":195,"column":8},"end":{"line":195,"column":21}},"43":{"start":{"line":201,"column":0},"end":{"line":262,"column":2}},"44":{"start":{"line":202,"column":13},"end":{"line":202,"column":19}},"45":{"start":{"line":203,"column":15},"end":{"line":205,"column":5}},"46":{"start":{"line":206,"column":22},"end":{"line":234,"column":5}},"47":{"start":{"line":237,"column":28},"end":{"line":237,"column":97}},"48":{"start":{"line":238,"column":20},"end":{"line":252,"column":9}},"49":{"start":{"line":239,"column":15},"end":{"line":239,"column":116}},"50":{"start":{"line":240,"column":4},"end":{"line":240,"column":45}},"51":{"start":{"line":242,"column":8},"end":{"line":242,"column":95}},"52":{"start":{"line":243,"column":8},"end":{"line":243,"column":55}},"53":{"start":{"line":245,"column":8},"end":{"line":245,"column":72}},"54":{"start":{"line":246,"column":20},"end":{"line":246,"column":57}},"55":{"start":{"line":247,"column":8},"end":{"line":247,"column":40}},"56":{"start":{"line":248,"column":8},"end":{"line":248,"column":55}},"57":{"start":{"line":250,"column":8},"end":{"line":250,"column":22}},"58":{"start":{"line":251,"column":8},"end":{"line":251,"column":19}},"59":{"start":{"line":254,"column":26},"end":{"line":254,"column":97}},"60":{"start":{"line":255,"column":21},"end":{"line":259,"column":9}},"61":{"start":{"line":255,"column":57},"end":{"line":255,"column":88}},"62":{"start":{"line":256,"column":7},"end":{"line":256,"column":20}},"63":{"start":{"line":257,"column":7},"end":{"line":257,"column":18}},"64":{"start":{"line":261,"column":4},"end":{"line":261,"column":69}},"65":{"start":{"line":266,"column":0},"end":{"line":335,"column":2}},"66":{"start":{"line":267,"column":13},"end":{"line":267,"column":19}},"67":{"start":{"line":270,"column":34},"end":{"line":270,"column":118}},"68":{"start":{"line":271,"column":4},"end":{"line":334,"column":1}},"69":{"start":{"line":271,"column":42},"end":{"line":271,"column":146}},"70":{"start":{"line":273,"column":18},"end":{"line":275,"column":5}},"71":{"start":{"line":276,"column":22},"end":{"line":304,"column":5}},"72":{"start":{"line":310,"column":22},"end":{"line":310,"column":91}},"73":{"start":{"line":311,"column":19},"end":{"line":325,"column":9}},"74":{"start":{"line":312,"column":15},"end":{"line":312,"column":116}},"75":{"start":{"line":313,"column":4},"end":{"line":313,"column":45}},"76":{"start":{"line":315,"column":4},"end":{"line":315,"column":92}},"77":{"start":{"line":316,"column":4},"end":{"line":316,"column":51}},"78":{"start":{"line":317,"column":4},"end":{"line":317,"column":68}},"79":{"start":{"line":319,"column":16},"end":{"line":319,"column":53}},"80":{"start":{"line":320,"column":4},"end":{"line":320,"column":36}},"81":{"start":{"line":321,"column":4},"end":{"line":321,"column":51}},"82":{"start":{"line":322,"column":4},"end":{"line":322,"column":17}},"83":{"start":{"line":323,"column":5},"end":{"line":323,"column":16}},"84":{"start":{"line":328,"column":18},"end":{"line":328,"column":33}},"85":{"start":{"line":329,"column":0},"end":{"line":329,"column":24}},"86":{"start":{"line":331,"column":0},"end":{"line":333,"column":2}},"87":{"start":{"line":332,"column":4},"end":{"line":332,"column":60}},"88":{"start":{"line":337,"column":0},"end":{"line":353,"column":2}},"89":{"start":{"line":338,"column":11},"end":{"line":338,"column":17}},"90":{"start":{"line":339,"column":4},"end":{"line":339,"column":31}},"91":{"start":{"line":340,"column":18},"end":{"line":340,"column":31}},"92":{"start":{"line":342,"column":0},"end":{"line":350,"column":1}},"93":{"start":{"line":344,"column":4},"end":{"line":344,"column":91}},"94":{"start":{"line":348,"column":4},"end":{"line":348,"column":102}},"95":{"start":{"line":351,"column":4},"end":{"line":351,"column":29}},"96":{"start":{"line":352,"column":4},"end":{"line":352,"column":43}},"97":{"start":{"line":357,"column":0},"end":{"line":450,"column":2}},"98":{"start":{"line":358,"column":13},"end":{"line":358,"column":19}},"99":{"start":{"line":359,"column":19},"end":{"line":359,"column":42}},"100":{"start":{"line":364,"column":21},"end":{"line":364,"column":58}},"101":{"start":{"line":365,"column":19},"end":{"line":365,"column":47}},"102":{"start":{"line":366,"column":17},"end":{"line":366,"column":43}},"103":{"start":{"line":368,"column":24},"end":{"line":368,"column":59}},"104":{"start":{"line":369,"column":22},"end":{"line":369,"column":55}},"105":{"start":{"line":371,"column":19},"end":{"line":371,"column":43}},"106":{"start":{"line":372,"column":21},"end":{"line":372,"column":47}},"107":{"start":{"line":376,"column":18},"end":{"line":378,"column":5}},"108":{"start":{"line":379,"column":22},"end":{"line":401,"column":5}},"109":{"start":{"line":402,"column":22},"end":{"line":402,"column":91}},"110":{"start":{"line":403,"column":19},"end":{"line":409,"column":9}},"111":{"start":{"line":404,"column":15},"end":{"line":404,"column":52}},"112":{"start":{"line":405,"column":4},"end":{"line":405,"column":34}},"113":{"start":{"line":406,"column":4},"end":{"line":406,"column":69}},"114":{"start":{"line":407,"column":4},"end":{"line":407,"column":15}},"115":{"start":{"line":411,"column":4},"end":{"line":413,"column":6}},"116":{"start":{"line":412,"column":7},"end":{"line":412,"column":56}},"117":{"start":{"line":414,"column":20},"end":{"line":414,"column":42}},"118":{"start":{"line":418,"column":25},"end":{"line":423,"column":9}},"119":{"start":{"line":419,"column":20},"end":{"line":419,"column":81}},"120":{"start":{"line":420,"column":4},"end":{"line":420,"column":45}},"121":{"start":{"line":421,"column":4},"end":{"line":421,"column":43}},"122":{"start":{"line":422,"column":4},"end":{"line":422,"column":15}},"123":{"start":{"line":424,"column":4},"end":{"line":426,"column":6}},"124":{"start":{"line":425,"column":8},"end":{"line":425,"column":57}},"125":{"start":{"line":427,"column":26},"end":{"line":427,"column":54}},"126":{"start":{"line":431,"column":24},"end":{"line":431,"column":47}},"127":{"start":{"line":432,"column":18},"end":{"line":432,"column":60}},"128":{"start":{"line":434,"column":19},"end":{"line":434,"column":43}},"129":{"start":{"line":435,"column":20},"end":{"line":435,"column":46}},"130":{"start":{"line":436,"column":18},"end":{"line":436,"column":42}},"131":{"start":{"line":438,"column":24},"end":{"line":438,"column":64}},"132":{"start":{"line":439,"column":25},"end":{"line":439,"column":66}},"133":{"start":{"line":440,"column":23},"end":{"line":440,"column":62}},"134":{"start":{"line":442,"column":21},"end":{"line":442,"column":44}},"135":{"start":{"line":443,"column":22},"end":{"line":443,"column":46}},"136":{"start":{"line":444,"column":20},"end":{"line":444,"column":42}},"137":{"start":{"line":447,"column":4},"end":{"line":449,"column":93}},"138":{"start":{"line":482,"column":0},"end":{"line":484,"column":2}},"139":{"start":{"line":483,"column":4},"end":{"line":483,"column":24}},"140":{"start":{"line":486,"column":0},"end":{"line":486,"column":24}}},"fnMap":{"0":{"name":"(anonymous_0)","decl":{"start":{"line":44,"column":16},"end":{"line":44,"column":17}},"loc":{"start":{"line":44,"column":32},"end":{"line":116,"column":1}},"line":44},"1":{"name":"(anonymous_1)","decl":{"start":{"line":78,"column":39},"end":{"line":78,"column":40}},"loc":{"start":{"line":78,"column":50},"end":{"line":85,"column":5}},"line":78},"2":{"name":"(anonymous_2)","decl":{"start":{"line":87,"column":20},"end":{"line":87,"column":21}},"loc":{"start":{"line":87,"column":27},"end":{"line":89,"column":5}},"line":87},"3":{"name":"(anonymous_3)","decl":{"start":{"line":119,"column":27},"end":{"line":119,"column":28}},"loc":{"start":{"line":119,"column":43},"end":{"line":198,"column":1}},"line":119},"4":{"name":"(anonymous_4)","decl":{"start":{"line":201,"column":28},"end":{"line":201,"column":29}},"loc":{"start":{"line":201,"column":44},"end":{"line":262,"column":1}},"line":201},"5":{"name":"(anonymous_5)","decl":{"start":{"line":238,"column":46},"end":{"line":238,"column":47}},"loc":{"start":{"line":238,"column":57},"end":{"line":252,"column":5}},"line":238},"6":{"name":"(anonymous_6)","decl":{"start":{"line":255,"column":45},"end":{"line":255,"column":46}},"loc":{"start":{"line":255,"column":56},"end":{"line":259,"column":5}},"line":255},"7":{"name":"(anonymous_7)","decl":{"start":{"line":266,"column":35},"end":{"line":266,"column":36}},"loc":{"start":{"line":266,"column":51},"end":{"line":335,"column":1}},"line":266},"8":{"name":"(anonymous_8)","decl":{"start":{"line":311,"column":39},"end":{"line":311,"column":40}},"loc":{"start":{"line":311,"column":50},"end":{"line":325,"column":5}},"line":311},"9":{"name":"(anonymous_9)","decl":{"start":{"line":331,"column":100},"end":{"line":331,"column":101}},"loc":{"start":{"line":331,"column":106},"end":{"line":333,"column":1}},"line":331},"10":{"name":"(anonymous_10)","decl":{"start":{"line":337,"column":31},"end":{"line":337,"column":32}},"loc":{"start":{"line":337,"column":47},"end":{"line":353,"column":1}},"line":337},"11":{"name":"(anonymous_11)","decl":{"start":{"line":357,"column":23},"end":{"line":357,"column":24}},"loc":{"start":{"line":357,"column":39},"end":{"line":450,"column":1}},"line":357},"12":{"name":"(anonymous_12)","decl":{"start":{"line":403,"column":39},"end":{"line":403,"column":40}},"loc":{"start":{"line":403,"column":50},"end":{"line":409,"column":5}},"line":403},"13":{"name":"(anonymous_13)","decl":{"start":{"line":411,"column":20},"end":{"line":411,"column":21}},"loc":{"start":{"line":411,"column":27},"end":{"line":413,"column":5}},"line":411},"14":{"name":"(anonymous_14)","decl":{"start":{"line":418,"column":45},"end":{"line":418,"column":46}},"loc":{"start":{"line":418,"column":56},"end":{"line":423,"column":5}},"line":418},"15":{"name":"(anonymous_15)","decl":{"start":{"line":424,"column":26},"end":{"line":424,"column":27}},"loc":{"start":{"line":424,"column":33},"end":{"line":426,"column":5}},"line":424},"16":{"name":"(anonymous_16)","decl":{"start":{"line":482,"column":24},"end":{"line":482,"column":25}},"loc":{"start":{"line":482,"column":35},"end":{"line":484,"column":1}},"line":482}},"branchMap":{"0":{"loc":{"start":{"line":88,"column":14},"end":{"line":88,"column":55}},"type":"cond-expr","locations":[{"start":{"line":88,"column":31},"end":{"line":88,"column":33}},{"start":{"line":88,"column":35},"end":{"line":88,"column":55}}],"line":88},"1":{"loc":{"start":{"line":88,"column":35},"end":{"line":88,"column":55}},"type":"cond-expr","locations":[{"start":{"line":88,"column":52},"end":{"line":88,"column":53}},{"start":{"line":88,"column":54},"end":{"line":88,"column":55}}],"line":88},"2":{"loc":{"start":{"line":124,"column":4},"end":{"line":196,"column":5}},"type":"if","locations":[{"start":{"line":124,"column":4},"end":{"line":196,"column":5}},{"start":{"line":124,"column":4},"end":{"line":196,"column":5}}],"line":124},"3":{"loc":{"start":{"line":129,"column":8},"end":{"line":190,"column":5}},"type":"switch","locations":[{"start":{"line":130,"column":12},"end":{"line":135,"column":21}},{"start":{"line":137,"column":12},"end":{"line":143,"column":26}},{"start":{"line":145,"column":12},"end":{"line":186,"column":22}},{"start":{"line":188,"column":12},"end":{"line":189,"column":90}}],"line":129},"4":{"loc":{"start":{"line":271,"column":4},"end":{"line":334,"column":1}},"type":"if","locations":[{"start":{"line":271,"column":4},"end":{"line":334,"column":1}},{"start":{"line":271,"column":4},"end":{"line":334,"column":1}}],"line":271},"5":{"loc":{"start":{"line":342,"column":0},"end":{"line":350,"column":1}},"type":"if","locations":[{"start":{"line":342,"column":0},"end":{"line":350,"column":1}},{"start":{"line":342,"column":0},"end":{"line":350,"column":1}}],"line":342},"6":{"loc":{"start":{"line":412,"column":14},"end":{"line":412,"column":55}},"type":"cond-expr","locations":[{"start":{"line":412,"column":31},"end":{"line":412,"column":33}},{"start":{"line":412,"column":35},"end":{"line":412,"column":55}}],"line":412},"7":{"loc":{"start":{"line":412,"column":35},"end":{"line":412,"column":55}},"type":"cond-expr","locations":[{"start":{"line":412,"column":52},"end":{"line":412,"column":53}},{"start":{"line":412,"column":54},"end":{"line":412,"column":55}}],"line":412},"8":{"loc":{"start":{"line":425,"column":15},"end":{"line":425,"column":56}},"type":"cond-expr","locations":[{"start":{"line":425,"column":32},"end":{"line":425,"column":34}},{"start":{"line":425,"column":36},"end":{"line":425,"column":56}}],"line":425},"9":{"loc":{"start":{"line":425,"column":36},"end":{"line":425,"column":56}},"type":"cond-expr","locations":[{"start":{"line":425,"column":53},"end":{"line":425,"column":54}},{"start":{"line":425,"column":55},"end":{"line":425,"column":56}}],"line":425}},"s":{"0":1,"1":1,"2":1,"3":1,"4":1,"5":1,"6":1,"7":1,"8":1,"9":1,"10":1,"11":1,"12":100,"13":100,"14":100,"15":100,"16":1,"17":536,"18":1,"19":1,"20":1,"21":1,"22":1,"23":1,"24":1,"25":1,"26":1,"27":1,"28":1,"29":1,"30":1,"31":1,"32":1,"33":0,"34":0,"35":0,"36":0,"37":0,"38":0,"39":0,"40":0,"41":0,"42":0,"43":1,"44":1,"45":1,"46":1,"47":1,"48":1,"49":1,"50":1,"51":1,"52":1,"53":1,"54":1,"55":1,"56":1,"57":1,"58":1,"59":1,"60":1,"61":1,"62":1,"63":1,"64":1,"65":1,"66":1,"67":1,"68":1,"69":1,"70":0,"71":0,"72":0,"73":0,"74":0,"75":0,"76":0,"77":0,"78":0,"79":0,"80":0,"81":0,"82":0,"83":0,"84":0,"85":0,"86":0,"87":0,"88":1,"89":1,"90":1,"91":1,"92":1,"93":1,"94":0,"95":1,"96":1,"97":1,"98":1,"99":1,"100":1,"101":1,"102":1,"103":1,"104":1,"105":1,"106":1,"107":1,"108":1,"109":1,"110":1,"111":100,"112":100,"113":100,"114":100,"115":1,"116":536,"117":1,"118":1,"119":100,"120":100,"121":100,"122":100,"123":1,"124":99,"125":1,"126":1,"127":1,"128":1,"129":1,"130":1,"131":1,"132":1,"133":1,"134":1,"135":1,"136":1,"137":1,"138":1,"139":0,"140":1},"f":{"0":1,"1":100,"2":536,"3":1,"4":1,"5":1,"6":1,"7":1,"8":0,"9":0,"10":1,"11":1,"12":100,"13":536,"14":100,"15":99,"16":0},"b":{"0":[282,254],"1":[3,251],"2":[1,0],"3":[1,0,0,0],"4":[1,0],"5":[1,0],"6":[285,251],"7":[0,251],"8":[0,99],"9":[99,0]},"_coverageSchema":"1a1c01bbd47fc00a2c39e90264f33305004495a9","hash":"fc1344e69194a28676273b070bae1c2e51bc0224"}
,"C:\\Users\\Chirag Shetty\\Desktop\\Saturday\\BillingPortalMtest\\app.js": {"path":"C:\\Users\\Chirag Shetty\\Desktop\\Saturday\\BillingPortalMtest\\app.js","statementMap":{"0":{"start":{"line":1,"column":16},"end":{"line":1,"column":34}},"1":{"start":{"line":2,"column":12},"end":{"line":2,"column":21}},"2":{"start":{"line":3,"column":24},"end":{"line":3,"column":42}},"3":{"start":{"line":4,"column":11},"end":{"line":4,"column":26}},"4":{"start":{"line":5,"column":23},"end":{"line":5,"column":53}},"5":{"start":{"line":6,"column":17},"end":{"line":6,"column":36}},"6":{"start":{"line":7,"column":14},"end":{"line":7,"column":38}},"7":{"start":{"line":8,"column":16},"end":{"line":8,"column":42}},"8":{"start":{"line":9,"column":12},"end":{"line":9,"column":26}},"9":{"start":{"line":10,"column":13},"end":{"line":10,"column":28}},"10":{"start":{"line":11,"column":0},"end":{"line":11,"column":47}},"11":{"start":{"line":13,"column":0},"end":{"line":13,"column":24}},"12":{"start":{"line":14,"column":0},"end":{"line":14,"column":30}},"13":{"start":{"line":16,"column":0},"end":{"line":16,"column":48}},"14":{"start":{"line":17,"column":0},"end":{"line":17,"column":29}},"15":{"start":{"line":21,"column":16},"end":{"line":21,"column":43}},"16":{"start":{"line":24,"column":0},"end":{"line":24,"column":28}},"17":{"start":{"line":25,"column":9},"end":{"line":25,"column":26}},"18":{"start":{"line":27,"column":0},"end":{"line":29,"column":1}},"19":{"start":{"line":28,"column":2},"end":{"line":28,"column":97}},"20":{"start":{"line":31,"column":0},"end":{"line":31,"column":16}},"21":{"start":{"line":32,"column":0},"end":{"line":32,"column":24}},"22":{"start":{"line":33,"column":0},"end":{"line":33,"column":44}},"23":{"start":{"line":36,"column":0},"end":{"line":39,"column":3}},"24":{"start":{"line":37,"column":2},"end":{"line":37,"column":14}},"25":{"start":{"line":38,"column":2},"end":{"line":38,"column":9}},"26":{"start":{"line":42,"column":0},"end":{"line":42,"column":48}},"27":{"start":{"line":45,"column":0},"end":{"line":51,"column":2}},"28":{"start":{"line":54,"column":0},"end":{"line":54,"column":31}},"29":{"start":{"line":55,"column":0},"end":{"line":55,"column":28}},"30":{"start":{"line":58,"column":0},"end":{"line":58,"column":17}},"31":{"start":{"line":61,"column":0},"end":{"line":66,"column":3}},"32":{"start":{"line":62,"column":2},"end":{"line":62,"column":52}},"33":{"start":{"line":63,"column":2},"end":{"line":63,"column":48}},"34":{"start":{"line":64,"column":2},"end":{"line":64,"column":40}},"35":{"start":{"line":65,"column":2},"end":{"line":65,"column":9}},"36":{"start":{"line":69,"column":0},"end":{"line":69,"column":43}},"37":{"start":{"line":70,"column":0},"end":{"line":70,"column":48}},"38":{"start":{"line":71,"column":0},"end":{"line":71,"column":53}},"39":{"start":{"line":72,"column":0},"end":{"line":72,"column":33}},"40":{"start":{"line":73,"column":0},"end":{"line":73,"column":41}},"41":{"start":{"line":78,"column":0},"end":{"line":78,"column":19}}},"fnMap":{"0":{"name":"(anonymous_0)","decl":{"start":{"line":36,"column":8},"end":{"line":36,"column":9}},"loc":{"start":{"line":36,"column":34},"end":{"line":39,"column":1}},"line":36},"1":{"name":"(anonymous_1)","decl":{"start":{"line":61,"column":8},"end":{"line":61,"column":9}},"loc":{"start":{"line":61,"column":33},"end":{"line":66,"column":1}},"line":61}},"branchMap":{"0":{"loc":{"start":{"line":27,"column":0},"end":{"line":29,"column":1}},"type":"if","locations":[{"start":{"line":27,"column":0},"end":{"line":29,"column":1}},{"start":{"line":27,"column":0},"end":{"line":29,"column":1}}],"line":27}},"s":{"0":1,"1":1,"2":1,"3":1,"4":1,"5":1,"6":1,"7":1,"8":1,"9":1,"10":1,"11":1,"12":1,"13":1,"14":1,"15":1,"16":1,"17":1,"18":1,"19":0,"20":1,"21":1,"22":1,"23":1,"24":7,"25":7,"26":1,"27":1,"28":1,"29":1,"30":1,"31":1,"32":7,"33":7,"34":7,"35":7,"36":1,"37":1,"38":1,"39":1,"40":1,"41":1},"f":{"0":7,"1":7},"b":{"0":[0,1]},"_coverageSchema":"1a1c01bbd47fc00a2c39e90264f33305004495a9","hash":"fe4c850187cbd41f6bc2076f72caafb07194737a"}
,"C:\\Users\\Chirag Shetty\\Desktop\\Saturday\\BillingPortalMtest\\mongoUtil.js": {"path":"C:\\Users\\Chirag Shetty\\Desktop\\Saturday\\BillingPortalMtest\\mongoUtil.js","statementMap":{"0":{"start":{"line":1,"column":20},"end":{"line":1,"column":52}},"1":{"start":{"line":3,"column":12},"end":{"line":3,"column":96}},"2":{"start":{"line":4,"column":15},"end":{"line":4,"column":35}},"3":{"start":{"line":8,"column":0},"end":{"line":42,"column":2}},"4":{"start":{"line":12,"column":4},"end":{"line":21,"column":6}},"5":{"start":{"line":13,"column":6},"end":{"line":16,"column":6}},"6":{"start":{"line":14,"column":8},"end":{"line":14,"column":25}},"7":{"start":{"line":15,"column":8},"end":{"line":15,"column":39}},"8":{"start":{"line":18,"column":19},"end":{"line":18,"column":34}},"9":{"start":{"line":19,"column":4},"end":{"line":19,"column":27}},"10":{"start":{"line":28,"column":4},"end":{"line":34,"column":6}},"11":{"start":{"line":30,"column":6},"end":{"line":32,"column":8}},"12":{"start":{"line":31,"column":8},"end":{"line":31,"column":27}},"13":{"start":{"line":40,"column":4},"end":{"line":40,"column":15}}},"fnMap":{"0":{"name":"(anonymous_0)","decl":{"start":{"line":10,"column":19},"end":{"line":10,"column":20}},"loc":{"start":{"line":10,"column":39},"end":{"line":24,"column":3}},"line":10},"1":{"name":"(anonymous_1)","decl":{"start":{"line":12,"column":23},"end":{"line":12,"column":24}},"loc":{"start":{"line":12,"column":34},"end":{"line":21,"column":5}},"line":12},"2":{"name":"(anonymous_2)","decl":{"start":{"line":13,"column":28},"end":{"line":13,"column":29}},"loc":{"start":{"line":13,"column":34},"end":{"line":16,"column":5}},"line":13},"3":{"name":"(anonymous_3)","decl":{"start":{"line":26,"column":13},"end":{"line":26,"column":14}},"loc":{"start":{"line":26,"column":23},"end":{"line":37,"column":3}},"line":26},"4":{"name":"(anonymous_4)","decl":{"start":{"line":28,"column":23},"end":{"line":28,"column":24}},"loc":{"start":{"line":28,"column":34},"end":{"line":34,"column":5}},"line":28},"5":{"name":"(anonymous_5)","decl":{"start":{"line":30,"column":26},"end":{"line":30,"column":27}},"loc":{"start":{"line":30,"column":32},"end":{"line":32,"column":7}},"line":30},"6":{"name":"(anonymous_6)","decl":{"start":{"line":39,"column":9},"end":{"line":39,"column":10}},"loc":{"start":{"line":39,"column":20},"end":{"line":41,"column":3}},"line":39}},"branchMap":{},"s":{"0":1,"1":1,"2":1,"3":1,"4":8,"5":8,"6":8,"7":8,"8":8,"9":8,"10":1,"11":1,"12":1,"13":1},"f":{"0":8,"1":8,"2":8,"3":1,"4":1,"5":1,"6":1},"b":{},"_coverageSchema":"1a1c01bbd47fc00a2c39e90264f33305004495a9","hash":"a9ab6de789abcdb5b62c4cb107df882f3759be39"}
,"C:\\Users\\Chirag Shetty\\Desktop\\Saturday\\BillingPortalMtest\\config\\auth.js": {"path":"C:\\Users\\Chirag Shetty\\Desktop\\Saturday\\BillingPortalMtest\\config\\auth.js","statementMap":{"0":{"start":{"line":1,"column":0},"end":{"line":15,"column":2}},"1":{"start":{"line":3,"column":4},"end":{"line":5,"column":5}},"2":{"start":{"line":4,"column":6},"end":{"line":4,"column":20}},"3":{"start":{"line":6,"column":4},"end":{"line":6,"column":68}},"4":{"start":{"line":7,"column":4},"end":{"line":7,"column":33}},"5":{"start":{"line":10,"column":4},"end":{"line":12,"column":5}},"6":{"start":{"line":11,"column":6},"end":{"line":11,"column":20}},"7":{"start":{"line":13,"column":4},"end":{"line":13,"column":31}}},"fnMap":{"0":{"name":"(anonymous_0)","decl":{"start":{"line":2,"column":23},"end":{"line":2,"column":24}},"loc":{"start":{"line":2,"column":48},"end":{"line":8,"column":3}},"line":2},"1":{"name":"(anonymous_1)","decl":{"start":{"line":9,"column":24},"end":{"line":9,"column":25}},"loc":{"start":{"line":9,"column":49},"end":{"line":14,"column":3}},"line":9}},"branchMap":{"0":{"loc":{"start":{"line":3,"column":4},"end":{"line":5,"column":5}},"type":"if","locations":[{"start":{"line":3,"column":4},"end":{"line":5,"column":5}},{"start":{"line":3,"column":4},"end":{"line":5,"column":5}}],"line":3},"1":{"loc":{"start":{"line":10,"column":4},"end":{"line":12,"column":5}},"type":"if","locations":[{"start":{"line":10,"column":4},"end":{"line":12,"column":5}},{"start":{"line":10,"column":4},"end":{"line":12,"column":5}}],"line":10}},"s":{"0":1,"1":0,"2":0,"3":0,"4":0,"5":1,"6":1,"7":0},"f":{"0":0,"1":1},"b":{"0":[0,0],"1":[1,0]},"_coverageSchema":"1a1c01bbd47fc00a2c39e90264f33305004495a9","hash":"7650d8fb00404f0d61e2a3c7034be826e03cea9a"}
,"C:\\Users\\Chirag Shetty\\Desktop\\Saturday\\BillingPortalMtest\\config\\keys.js": {"path":"C:\\Users\\Chirag Shetty\\Desktop\\Saturday\\BillingPortalMtest\\config\\keys.js","statementMap":{"0":{"start":{"line":1,"column":0},"end":{"line":1,"column":98}},"1":{"start":{"line":3,"column":0},"end":{"line":10,"column":2}}},"fnMap":{},"branchMap":{},"s":{"0":1,"1":1},"f":{},"b":{},"_coverageSchema":"1a1c01bbd47fc00a2c39e90264f33305004495a9","hash":"45ad8471a1cb0df7a705beb50ab9af7dc46a2cc7"}
,"C:\\Users\\Chirag Shetty\\Desktop\\Saturday\\BillingPortalMtest\\config\\passport.js": {"path":"C:\\Users\\Chirag Shetty\\Desktop\\Saturday\\BillingPortalMtest\\config\\passport.js","statementMap":{"0":{"start":{"line":2,"column":17},"end":{"line":2,"column":36}},"1":{"start":{"line":3,"column":22},"end":{"line":3,"column":56}},"2":{"start":{"line":4,"column":15},"end":{"line":4,"column":34}},"3":{"start":{"line":5,"column":23},"end":{"line":5,"column":66}},"4":{"start":{"line":6,"column":13},"end":{"line":6,"column":30}},"5":{"start":{"line":8,"column":16},"end":{"line":8,"column":44}},"6":{"start":{"line":10,"column":1},"end":{"line":29,"column":2}},"7":{"start":{"line":16,"column":15},"end":{"line":16,"column":32}},"8":{"start":{"line":17,"column":6},"end":{"line":27,"column":6}},"9":{"start":{"line":19,"column":8},"end":{"line":26,"column":9}},"10":{"start":{"line":20,"column":14},"end":{"line":20,"column":40}},"11":{"start":{"line":21,"column":14},"end":{"line":21,"column":33}},"12":{"start":{"line":24,"column":12},"end":{"line":24,"column":62}},"13":{"start":{"line":25,"column":14},"end":{"line":25,"column":33}},"14":{"start":{"line":31,"column":2},"end":{"line":55,"column":4}},"15":{"start":{"line":34,"column":15},"end":{"line":34,"column":32}},"16":{"start":{"line":35,"column":6},"end":{"line":53,"column":9}},"17":{"start":{"line":38,"column":8},"end":{"line":40,"column":9}},"18":{"start":{"line":39,"column":10},"end":{"line":39,"column":80}},"19":{"start":{"line":45,"column":8},"end":{"line":52,"column":11}},"20":{"start":{"line":46,"column":10},"end":{"line":46,"column":29}},"21":{"start":{"line":46,"column":19},"end":{"line":46,"column":29}},"22":{"start":{"line":47,"column":10},"end":{"line":51,"column":11}},"23":{"start":{"line":48,"column":12},"end":{"line":48,"column":36}},"24":{"start":{"line":50,"column":12},"end":{"line":50,"column":72}},"25":{"start":{"line":57,"column":2},"end":{"line":59,"column":5}},"26":{"start":{"line":58,"column":4},"end":{"line":58,"column":23}},"27":{"start":{"line":61,"column":2},"end":{"line":66,"column":5}},"28":{"start":{"line":62,"column":4},"end":{"line":65,"column":7}}},"fnMap":{"0":{"name":"(anonymous_0)","decl":{"start":{"line":15,"column":7},"end":{"line":15,"column":8}},"loc":{"start":{"line":15,"column":53},"end":{"line":28,"column":5}},"line":15},"1":{"name":"(anonymous_1)","decl":{"start":{"line":17,"column":76},"end":{"line":17,"column":77}},"loc":{"start":{"line":17,"column":98},"end":{"line":27,"column":5}},"line":17},"2":{"name":"(anonymous_2)","decl":{"start":{"line":32,"column":50},"end":{"line":32,"column":51}},"loc":{"start":{"line":32,"column":77},"end":{"line":54,"column":5}},"line":32},"3":{"name":"(anonymous_3)","decl":{"start":{"line":37,"column":14},"end":{"line":37,"column":15}},"loc":{"start":{"line":37,"column":22},"end":{"line":53,"column":7}},"line":37},"4":{"name":"(anonymous_4)","decl":{"start":{"line":45,"column":48},"end":{"line":45,"column":49}},"loc":{"start":{"line":45,"column":66},"end":{"line":52,"column":9}},"line":45},"5":{"name":"(anonymous_5)","decl":{"start":{"line":57,"column":25},"end":{"line":57,"column":26}},"loc":{"start":{"line":57,"column":48},"end":{"line":59,"column":3}},"line":57},"6":{"name":"(anonymous_6)","decl":{"start":{"line":61,"column":27},"end":{"line":61,"column":28}},"loc":{"start":{"line":61,"column":43},"end":{"line":66,"column":3}},"line":61}},"branchMap":{"0":{"loc":{"start":{"line":19,"column":8},"end":{"line":26,"column":9}},"type":"if","locations":[{"start":{"line":19,"column":8},"end":{"line":26,"column":9}},{"start":{"line":19,"column":8},"end":{"line":26,"column":9}}],"line":19},"1":{"loc":{"start":{"line":38,"column":8},"end":{"line":40,"column":9}},"type":"if","locations":[{"start":{"line":38,"column":8},"end":{"line":40,"column":9}},{"start":{"line":38,"column":8},"end":{"line":40,"column":9}}],"line":38},"2":{"loc":{"start":{"line":46,"column":10},"end":{"line":46,"column":29}},"type":"if","locations":[{"start":{"line":46,"column":10},"end":{"line":46,"column":29}},{"start":{"line":46,"column":10},"end":{"line":46,"column":29}}],"line":46},"3":{"loc":{"start":{"line":47,"column":10},"end":{"line":51,"column":11}},"type":"if","locations":[{"start":{"line":47,"column":10},"end":{"line":51,"column":11}},{"start":{"line":47,"column":10},"end":{"line":51,"column":11}}],"line":47}},"s":{"0":1,"1":1,"2":1,"3":1,"4":1,"5":1,"6":1,"7":0,"8":0,"9":0,"10":0,"11":0,"12":0,"13":0,"14":1,"15":0,"16":0,"17":0,"18":0,"19":0,"20":0,"21":0,"22":0,"23":0,"24":0,"25":1,"26":0,"27":1,"28":0},"f":{"0":0,"1":0,"2":0,"3":0,"4":0,"5":0,"6":0},"b":{"0":[0,0],"1":[0,0],"2":[0,0],"3":[0,0]},"_coverageSchema":"1a1c01bbd47fc00a2c39e90264f33305004495a9","hash":"3c34d7deb2d5ec329bbe70a14fd835a71b9fec30"}
,"C:\\Users\\Chirag Shetty\\Desktop\\Saturday\\BillingPortalMtest\\routes\\auth-routes.js": {"path":"C:\\Users\\Chirag Shetty\\Desktop\\Saturday\\BillingPortalMtest\\routes\\auth-routes.js","statementMap":{"0":{"start":{"line":1,"column":15},"end":{"line":1,"column":42}},"1":{"start":{"line":2,"column":17},"end":{"line":2,"column":36}},"2":{"start":{"line":5,"column":0},"end":{"line":9,"column":4}},"3":{"start":{"line":13,"column":0},"end":{"line":16,"column":3}},"4":{"start":{"line":15,"column":4},"end":{"line":15,"column":25}},"5":{"start":{"line":18,"column":0},"end":{"line":18,"column":24}}},"fnMap":{"0":{"name":"(anonymous_0)","decl":{"start":{"line":13,"column":64},"end":{"line":13,"column":65}},"loc":{"start":{"line":13,"column":78},"end":{"line":16,"column":1}},"line":13}},"branchMap":{},"s":{"0":1,"1":1,"2":1,"3":1,"4":0,"5":1},"f":{"0":0},"b":{},"_coverageSchema":"1a1c01bbd47fc00a2c39e90264f33305004495a9","hash":"54b9840692abed02640c4fe0f1d6626a072e23df"}
,"C:\\Users\\Chirag Shetty\\Desktop\\Saturday\\BillingPortalMtest\\routes\\index.js": {"path":"C:\\Users\\Chirag Shetty\\Desktop\\Saturday\\BillingPortalMtest\\routes\\index.js","statementMap":{"0":{"start":{"line":1,"column":16},"end":{"line":1,"column":34}},"1":{"start":{"line":2,"column":15},"end":{"line":2,"column":31}},"2":{"start":{"line":3,"column":54},"end":{"line":3,"column":79}},"3":{"start":{"line":6,"column":0},"end":{"line":6,"column":75}},"4":{"start":{"line":6,"column":52},"end":{"line":6,"column":73}},"5":{"start":{"line":9,"column":0},"end":{"line":13,"column":2}},"6":{"start":{"line":10,"column":2},"end":{"line":12,"column":4}},"7":{"start":{"line":15,"column":0},"end":{"line":15,"column":24}}},"fnMap":{"0":{"name":"(anonymous_0)","decl":{"start":{"line":6,"column":38},"end":{"line":6,"column":39}},"loc":{"start":{"line":6,"column":52},"end":{"line":6,"column":73}},"line":6},"1":{"name":"(anonymous_1)","decl":{"start":{"line":9,"column":45},"end":{"line":9,"column":46}},"loc":{"start":{"line":10,"column":2},"end":{"line":12,"column":4}},"line":10}},"branchMap":{},"s":{"0":1,"1":1,"2":1,"3":1,"4":0,"5":1,"6":0,"7":1},"f":{"0":0,"1":0},"b":{},"_coverageSchema":"1a1c01bbd47fc00a2c39e90264f33305004495a9","hash":"9e6abf2699de3b182adba88afee21ba2abc90367"}
,"C:\\Users\\Chirag Shetty\\Desktop\\Saturday\\BillingPortalMtest\\routes\\users.js": {"path":"C:\\Users\\Chirag Shetty\\Desktop\\Saturday\\BillingPortalMtest\\routes\\users.js","statementMap":{"0":{"start":{"line":1,"column":16},"end":{"line":1,"column":34}},"1":{"start":{"line":2,"column":15},"end":{"line":2,"column":31}},"2":{"start":{"line":3,"column":15},"end":{"line":3,"column":34}},"3":{"start":{"line":4,"column":17},"end":{"line":4,"column":36}},"4":{"start":{"line":5,"column":22},"end":{"line":5,"column":56}},"5":{"start":{"line":6,"column":16},"end":{"line":6,"column":44}},"6":{"start":{"line":8,"column":33},"end":{"line":8,"column":58}},"7":{"start":{"line":11,"column":0},"end":{"line":11,"column":78}},"8":{"start":{"line":11,"column":57},"end":{"line":11,"column":76}},"9":{"start":{"line":14,"column":0},"end":{"line":14,"column":84}},"10":{"start":{"line":14,"column":60},"end":{"line":14,"column":82}},"11":{"start":{"line":17,"column":0},"end":{"line":80,"column":9}},"12":{"start":{"line":18,"column":11},"end":{"line":18,"column":17}},"13":{"start":{"line":19,"column":62},"end":{"line":19,"column":70}},"14":{"start":{"line":20,"column":15},"end":{"line":20,"column":17}},"15":{"start":{"line":22,"column":2},"end":{"line":24,"column":3}},"16":{"start":{"line":23,"column":4},"end":{"line":23,"column":52}},"17":{"start":{"line":26,"column":2},"end":{"line":28,"column":3}},"18":{"start":{"line":27,"column":4},"end":{"line":27,"column":51}},"19":{"start":{"line":30,"column":2},"end":{"line":32,"column":3}},"20":{"start":{"line":31,"column":4},"end":{"line":31,"column":67}},"21":{"start":{"line":33,"column":2},"end":{"line":35,"column":3}},"22":{"start":{"line":34,"column":4},"end":{"line":34,"column":56}},"23":{"start":{"line":37,"column":2},"end":{"line":79,"column":9}},"24":{"start":{"line":38,"column":4},"end":{"line":45,"column":7}},"25":{"start":{"line":48,"column":6},"end":{"line":78,"column":13}},"26":{"start":{"line":49,"column":8},"end":{"line":77,"column":13}},"27":{"start":{"line":50,"column":10},"end":{"line":50,"column":55}},"28":{"start":{"line":51,"column":10},"end":{"line":57,"column":13}},"29":{"start":{"line":60,"column":26},"end":{"line":60,"column":80}},"30":{"start":{"line":63,"column":10},"end":{"line":76,"column":17}},"31":{"start":{"line":64,"column":12},"end":{"line":74,"column":17}},"32":{"start":{"line":65,"column":14},"end":{"line":65,"column":33}},"33":{"start":{"line":65,"column":23},"end":{"line":65,"column":33}},"34":{"start":{"line":66,"column":14},"end":{"line":66,"column":38}},"35":{"start":{"line":67,"column":14},"end":{"line":72,"column":17}},"36":{"start":{"line":68,"column":16},"end":{"line":68,"column":35}},"37":{"start":{"line":68,"column":25},"end":{"line":68,"column":35}},"38":{"start":{"line":69,"column":16},"end":{"line":69,"column":45}},"39":{"start":{"line":70,"column":16},"end":{"line":71,"column":74}},"40":{"start":{"line":73,"column":14},"end":{"line":73,"column":43}},"41":{"start":{"line":83,"column":0},"end":{"line":89,"column":3}},"42":{"start":{"line":84,"column":2},"end":{"line":88,"column":21}},"43":{"start":{"line":92,"column":0},"end":{"line":96,"column":3}},"44":{"start":{"line":93,"column":2},"end":{"line":93,"column":15}},"45":{"start":{"line":94,"column":2},"end":{"line":94,"column":49}},"46":{"start":{"line":95,"column":2},"end":{"line":95,"column":31}},"47":{"start":{"line":98,"column":0},"end":{"line":98,"column":24}}},"fnMap":{"0":{"name":"(anonymous_0)","decl":{"start":{"line":11,"column":43},"end":{"line":11,"column":44}},"loc":{"start":{"line":11,"column":57},"end":{"line":11,"column":76}},"line":11},"1":{"name":"(anonymous_1)","decl":{"start":{"line":14,"column":46},"end":{"line":14,"column":47}},"loc":{"start":{"line":14,"column":60},"end":{"line":14,"column":82}},"line":14},"2":{"name":"(anonymous_2)","decl":{"start":{"line":17,"column":25},"end":{"line":17,"column":26}},"loc":{"start":{"line":17,"column":44},"end":{"line":80,"column":7}},"line":17},"3":{"name":"(anonymous_3)","decl":{"start":{"line":48,"column":63},"end":{"line":48,"column":64}},"loc":{"start":{"line":48,"column":71},"end":{"line":78,"column":11}},"line":48},"4":{"name":"(anonymous_4)","decl":{"start":{"line":63,"column":29},"end":{"line":63,"column":30}},"loc":{"start":{"line":63,"column":44},"end":{"line":76,"column":15}},"line":63},"5":{"name":"(anonymous_5)","decl":{"start":{"line":64,"column":48},"end":{"line":64,"column":49}},"loc":{"start":{"line":64,"column":63},"end":{"line":74,"column":15}},"line":64},"6":{"name":"(anonymous_6)","decl":{"start":{"line":67,"column":61},"end":{"line":67,"column":62}},"loc":{"start":{"line":67,"column":79},"end":{"line":72,"column":15}},"line":67},"7":{"name":"(anonymous_7)","decl":{"start":{"line":83,"column":22},"end":{"line":83,"column":23}},"loc":{"start":{"line":83,"column":42},"end":{"line":89,"column":1}},"line":83},"8":{"name":"(anonymous_8)","decl":{"start":{"line":92,"column":22},"end":{"line":92,"column":23}},"loc":{"start":{"line":92,"column":36},"end":{"line":96,"column":1}},"line":92}},"branchMap":{"0":{"loc":{"start":{"line":22,"column":2},"end":{"line":24,"column":3}},"type":"if","locations":[{"start":{"line":22,"column":2},"end":{"line":24,"column":3}},{"start":{"line":22,"column":2},"end":{"line":24,"column":3}}],"line":22},"1":{"loc":{"start":{"line":22,"column":6},"end":{"line":22,"column":48}},"type":"binary-expr","locations":[{"start":{"line":22,"column":6},"end":{"line":22,"column":11}},{"start":{"line":22,"column":15},"end":{"line":22,"column":21}},{"start":{"line":22,"column":25},"end":{"line":22,"column":34}},{"start":{"line":22,"column":38},"end":{"line":22,"column":48}}],"line":22},"2":{"loc":{"start":{"line":26,"column":2},"end":{"line":28,"column":3}},"type":"if","locations":[{"start":{"line":26,"column":2},"end":{"line":28,"column":3}},{"start":{"line":26,"column":2},"end":{"line":28,"column":3}}],"line":26},"3":{"loc":{"start":{"line":30,"column":2},"end":{"line":32,"column":3}},"type":"if","locations":[{"start":{"line":30,"column":2},"end":{"line":32,"column":3}},{"start":{"line":30,"column":2},"end":{"line":32,"column":3}}],"line":30},"4":{"loc":{"start":{"line":33,"column":2},"end":{"line":35,"column":3}},"type":"if","locations":[{"start":{"line":33,"column":2},"end":{"line":35,"column":3}},{"start":{"line":33,"column":2},"end":{"line":35,"column":3}}],"line":33},"5":{"loc":{"start":{"line":37,"column":2},"end":{"line":79,"column":9}},"type":"if","locations":[{"start":{"line":37,"column":2},"end":{"line":79,"column":9}},{"start":{"line":37,"column":2},"end":{"line":79,"column":9}}],"line":37},"6":{"loc":{"start":{"line":49,"column":8},"end":{"line":77,"column":13}},"type":"if","locations":[{"start":{"line":49,"column":8},"end":{"line":77,"column":13}},{"start":{"line":49,"column":8},"end":{"line":77,"column":13}}],"line":49},"7":{"loc":{"start":{"line":65,"column":14},"end":{"line":65,"column":33}},"type":"if","locations":[{"start":{"line":65,"column":14},"end":{"line":65,"column":33}},{"start":{"line":65,"column":14},"end":{"line":65,"column":33}}],"line":65},"8":{"loc":{"start":{"line":68,"column":16},"end":{"line":68,"column":35}},"type":"if","locations":[{"start":{"line":68,"column":16},"end":{"line":68,"column":35}},{"start":{"line":68,"column":16},"end":{"line":68,"column":35}}],"line":68}},"s":{"0":1,"1":1,"2":1,"3":1,"4":1,"5":1,"6":1,"7":1,"8":1,"9":1,"10":0,"11":1,"12":0,"13":0,"14":0,"15":0,"16":0,"17":0,"18":0,"19":0,"20":0,"21":0,"22":0,"23":0,"24":0,"25":0,"26":0,"27":0,"28":0,"29":0,"30":0,"31":0,"32":0,"33":0,"34":0,"35":0,"36":0,"37":0,"38":0,"39":0,"40":0,"41":1,"42":0,"43":1,"44":0,"45":0,"46":0,"47":1},"f":{"0":1,"1":0,"2":0,"3":0,"4":0,"5":0,"6":0,"7":0,"8":0},"b":{"0":[0,0],"1":[0,0,0,0],"2":[0,0],"3":[0,0],"4":[0,0],"5":[0,0],"6":[0,0],"7":[0,0],"8":[0,0]},"_coverageSchema":"1a1c01bbd47fc00a2c39e90264f33305004495a9","hash":"adc905cab332882de71d9366de10ff5e28b2ef91"}
}
