TN:
SF:api.js
FN:8,(anonymous_0)
FN:21,(anonymous_1)
FN:35,(anonymous_2)
FN:42,(anonymous_3)
FN:76,(anonymous_4)
FN:85,(anonymous_5)
FN:117,(anonymous_6)
FN:199,(anonymous_7)
FN:236,(anonymous_8)
FN:253,(anonymous_9)
FN:264,(anonymous_10)
FN:309,(anonymous_11)
FN:329,(anonymous_12)
FN:335,(anonymous_13)
FN:355,(anonymous_14)
FN:401,(anonymous_15)
FN:409,(anonymous_16)
FN:416,(anonymous_17)
FN:422,(anonymous_18)
FN:479,(anonymous_19)
FNF:20
FNH:0
FNDA:0,(anonymous_0)
FNDA:0,(anonymous_1)
FNDA:0,(anonymous_2)
FNDA:0,(anonymous_3)
FNDA:0,(anonymous_4)
FNDA:0,(anonymous_5)
FNDA:0,(anonymous_6)
FNDA:0,(anonymous_7)
FNDA:0,(anonymous_8)
FNDA:0,(anonymous_9)
FNDA:0,(anonymous_10)
FNDA:0,(anonymous_11)
FNDA:0,(anonymous_12)
FNDA:0,(anonymous_13)
FNDA:0,(anonymous_14)
FNDA:0,(anonymous_15)
FNDA:0,(anonymous_16)
FNDA:0,(anonymous_17)
FNDA:0,(anonymous_18)
FNDA:0,(anonymous_19)
DA:1,1
DA:2,1
DA:3,1
DA:4,1
DA:5,1
DA:6,1
DA:8,1
DA:9,0
DA:10,0
DA:11,0
DA:13,0
DA:15,0
DA:18,0
DA:21,0
DA:22,0
DA:23,0
DA:25,0
DA:35,0
DA:36,0
DA:42,1
DA:43,0
DA:44,0
DA:47,0
DA:75,0
DA:76,0
DA:77,0
DA:79,0
DA:80,0
DA:81,0
DA:85,0
DA:86,0
DA:88,0
DA:91,0
DA:111,0
DA:112,0
DA:113,0
DA:117,1
DA:119,0
DA:121,0
DA:122,0
DA:124,0
DA:125,0
DA:127,0
DA:130,0
DA:132,0
DA:133,0
DA:136,0
DA:139,0
DA:141,0
DA:147,0
DA:150,0
DA:180,0
DA:182,0
DA:184,0
DA:187,0
DA:193,0
DA:199,1
DA:200,0
DA:201,0
DA:204,0
DA:235,0
DA:236,0
DA:237,0
DA:238,0
DA:240,0
DA:241,0
DA:243,0
DA:244,0
DA:245,0
DA:246,0
DA:248,0
DA:249,0
DA:252,0
DA:253,0
DA:254,0
DA:255,0
DA:259,0
DA:264,1
DA:265,0
DA:268,0
DA:269,0
DA:271,0
DA:274,0
DA:308,0
DA:309,0
DA:310,0
DA:311,0
DA:313,0
DA:314,0
DA:315,0
DA:317,0
DA:318,0
DA:319,0
DA:320,0
DA:321,0
DA:326,0
DA:327,0
DA:329,0
DA:330,0
DA:335,1
DA:336,0
DA:337,0
DA:338,0
DA:340,0
DA:342,0
DA:346,0
DA:349,0
DA:350,0
DA:355,1
DA:356,0
DA:357,0
DA:362,0
DA:363,0
DA:364,0
DA:366,0
DA:367,0
DA:369,0
DA:370,0
DA:374,0
DA:377,0
DA:400,0
DA:401,0
DA:402,0
DA:403,0
DA:404,0
DA:405,0
DA:409,0
DA:410,0
DA:412,0
DA:416,0
DA:417,0
DA:418,0
DA:419,0
DA:420,0
DA:422,0
DA:423,0
DA:425,0
DA:429,0
DA:430,0
DA:432,0
DA:433,0
DA:434,0
DA:436,0
DA:437,0
DA:438,0
DA:440,0
DA:441,0
DA:442,0
DA:445,0
DA:479,1
DA:480,0
DA:482,1
LF:152
LH:15
BRDA:13,0,0,0
BRDA:13,0,1,0
BRDA:22,1,0,0
BRDA:22,1,1,0
BRDA:86,2,0,0
BRDA:86,2,1,0
BRDA:86,3,0,0
BRDA:86,3,1,0
BRDA:122,4,0,0
BRDA:122,4,1,0
BRDA:127,5,0,0
BRDA:127,5,1,0
BRDA:127,5,2,0
BRDA:127,5,3,0
BRDA:269,6,0,0
BRDA:269,6,1,0
BRDA:340,7,0,0
BRDA:340,7,1,0
BRDA:410,8,0,0
BRDA:410,8,1,0
BRDA:410,9,0,0
BRDA:410,9,1,0
BRDA:423,10,0,0
BRDA:423,10,1,0
BRDA:423,11,0,0
BRDA:423,11,1,0
BRF:26
BRH:0
end_of_record
TN:
SF:apitest.js
FN:44,(anonymous_0)
FN:78,(anonymous_1)
FN:87,(anonymous_2)
FN:119,(anonymous_3)
FN:201,(anonymous_4)
FN:238,(anonymous_5)
FN:255,(anonymous_6)
FN:266,(anonymous_7)
FN:311,(anonymous_8)
FN:331,(anonymous_9)
FN:337,(anonymous_10)
FN:357,(anonymous_11)
FN:403,(anonymous_12)
FN:411,(anonymous_13)
FN:418,(anonymous_14)
FN:424,(anonymous_15)
FN:482,(anonymous_16)
FNF:17
FNH:15
FNDA:1,(anonymous_0)
FNDA:100,(anonymous_1)
FNDA:536,(anonymous_2)
FNDA:1,(anonymous_3)
FNDA:1,(anonymous_4)
FNDA:1,(anonymous_5)
FNDA:1,(anonymous_6)
FNDA:1,(anonymous_7)
FNDA:0,(anonymous_8)
FNDA:0,(anonymous_9)
FNDA:1,(anonymous_10)
FNDA:1,(anonymous_11)
FNDA:100,(anonymous_12)
FNDA:536,(anonymous_13)
FNDA:100,(anonymous_14)
FNDA:99,(anonymous_15)
FNDA:1,(anonymous_16)
DA:1,1
DA:2,1
DA:3,1
DA:4,1
DA:5,1
DA:6,1
DA:44,1
DA:45,1
DA:46,1
DA:49,1
DA:77,1
DA:78,1
DA:79,100
DA:81,100
DA:82,100
DA:83,100
DA:87,1
DA:88,536
DA:90,1
DA:93,1
DA:113,1
DA:114,1
DA:115,1
DA:119,1
DA:121,1
DA:123,1
DA:124,1
DA:126,1
DA:127,1
DA:129,1
DA:132,1
DA:134,1
DA:135,1
DA:138,0
DA:141,0
DA:143,0
DA:149,0
DA:152,0
DA:182,0
DA:184,0
DA:186,0
DA:189,0
DA:195,0
DA:201,1
DA:202,1
DA:203,1
DA:206,1
DA:237,1
DA:238,1
DA:239,1
DA:240,1
DA:242,1
DA:243,1
DA:245,1
DA:246,1
DA:247,1
DA:248,1
DA:250,1
DA:251,1
DA:254,1
DA:255,1
DA:256,1
DA:257,1
DA:261,1
DA:266,1
DA:267,1
DA:270,1
DA:271,1
DA:273,0
DA:276,0
DA:310,0
DA:311,0
DA:312,0
DA:313,0
DA:315,0
DA:316,0
DA:317,0
DA:319,0
DA:320,0
DA:321,0
DA:322,0
DA:323,0
DA:328,0
DA:329,0
DA:331,0
DA:332,0
DA:337,1
DA:338,1
DA:339,1
DA:340,1
DA:342,1
DA:344,1
DA:348,0
DA:351,1
DA:352,1
DA:357,1
DA:358,1
DA:359,1
DA:364,1
DA:365,1
DA:366,1
DA:368,1
DA:369,1
DA:371,1
DA:372,1
DA:376,1
DA:379,1
DA:402,1
DA:403,1
DA:404,100
DA:405,100
DA:406,100
DA:407,100
DA:411,1
DA:412,536
DA:414,1
DA:418,1
DA:419,100
DA:420,100
DA:421,100
DA:422,100
DA:424,1
DA:425,99
DA:427,1
DA:431,1
DA:432,1
DA:434,1
DA:435,1
DA:436,1
DA:438,1
DA:439,1
DA:440,1
DA:442,1
DA:443,1
DA:444,1
DA:447,1
DA:482,1
DA:483,1
DA:486,1
LF:139
LH:110
BRDA:88,0,0,282
BRDA:88,0,1,254
BRDA:88,1,0,3
BRDA:88,1,1,251
BRDA:124,2,0,1
BRDA:124,2,1,0
BRDA:129,3,0,1
BRDA:129,3,1,0
BRDA:129,3,2,0
BRDA:129,3,3,0
BRDA:271,4,0,1
BRDA:271,4,1,0
BRDA:342,5,0,1
BRDA:342,5,1,0
BRDA:412,6,0,285
BRDA:412,6,1,251
BRDA:412,7,0,0
BRDA:412,7,1,251
BRDA:425,8,0,0
BRDA:425,8,1,99
BRDA:425,9,0,99
BRDA:425,9,1,0
BRF:22
BRH:13
end_of_record
TN:
SF:app.js
FN:36,(anonymous_0)
FN:61,(anonymous_1)
FNF:2
FNH:2
FNDA:8,(anonymous_0)
FNDA:8,(anonymous_1)
DA:1,1
DA:2,1
DA:3,1
DA:4,1
DA:5,1
DA:6,1
DA:7,1
DA:8,1
DA:9,1
DA:10,1
DA:11,1
DA:13,1
DA:14,1
DA:16,1
DA:17,1
DA:21,1
DA:24,1
DA:25,1
DA:27,1
DA:28,0
DA:31,1
DA:32,1
DA:33,1
DA:36,1
DA:37,8
DA:38,8
DA:42,1
DA:45,1
DA:54,1
DA:55,1
DA:58,1
DA:61,1
DA:62,8
DA:63,8
DA:64,8
DA:65,8
DA:69,1
DA:70,1
DA:71,1
DA:72,1
DA:73,1
DA:78,1
LF:42
LH:41
BRDA:27,0,0,0
BRDA:27,0,1,1
BRF:2
BRH:1
end_of_record
TN:
SF:mongoUtil.js
FN:10,(anonymous_0)
FN:12,(anonymous_1)
FN:13,(anonymous_2)
FN:26,(anonymous_3)
FN:28,(anonymous_4)
FN:30,(anonymous_5)
FN:39,(anonymous_6)
FNF:7
FNH:7
FNDA:9,(anonymous_0)
FNDA:9,(anonymous_1)
FNDA:9,(anonymous_2)
FNDA:1,(anonymous_3)
FNDA:1,(anonymous_4)
FNDA:1,(anonymous_5)
FNDA:1,(anonymous_6)
DA:1,1
DA:3,1
DA:4,1
DA:8,1
DA:12,9
DA:13,9
DA:14,9
DA:15,9
DA:18,9
DA:19,9
DA:28,1
DA:30,1
DA:31,1
DA:40,1
LF:14
LH:14
BRF:0
BRH:0
end_of_record
TN:
SF:config\auth.js
FN:2,(anonymous_0)
FN:9,(anonymous_1)
FNF:2
FNH:1
FNDA:0,(anonymous_0)
FNDA:1,(anonymous_1)
DA:1,1
DA:3,0
DA:4,0
DA:6,0
DA:7,0
DA:10,1
DA:11,1
DA:13,0
LF:8
LH:3
BRDA:3,0,0,0
BRDA:3,0,1,0
BRDA:10,1,0,1
BRDA:10,1,1,0
BRF:4
BRH:1
end_of_record
TN:
SF:config\keys.js
FNF:0
FNH:0
DA:1,1
DA:3,1
LF:2
LH:2
BRF:0
BRH:0
end_of_record
TN:
SF:config\passport.js
FN:15,(anonymous_0)
FN:17,(anonymous_1)
FN:32,(anonymous_2)
FN:37,(anonymous_3)
FN:45,(anonymous_4)
FN:57,(anonymous_5)
FN:61,(anonymous_6)
FNF:7
FNH:0
FNDA:0,(anonymous_0)
FNDA:0,(anonymous_1)
FNDA:0,(anonymous_2)
FNDA:0,(anonymous_3)
FNDA:0,(anonymous_4)
FNDA:0,(anonymous_5)
FNDA:0,(anonymous_6)
DA:2,1
DA:3,1
DA:4,1
DA:5,1
DA:6,1
DA:8,1
DA:10,1
DA:16,0
DA:17,0
DA:19,0
DA:20,0
DA:21,0
DA:24,0
DA:25,0
DA:31,1
DA:34,0
DA:35,0
DA:38,0
DA:39,0
DA:45,0
DA:46,0
DA:47,0
DA:48,0
DA:50,0
DA:57,1
DA:58,0
DA:61,1
DA:62,0
LF:28
LH:10
BRDA:19,0,0,0
BRDA:19,0,1,0
BRDA:38,1,0,0
BRDA:38,1,1,0
BRDA:46,2,0,0
BRDA:46,2,1,0
BRDA:47,3,0,0
BRDA:47,3,1,0
BRF:8
BRH:0
end_of_record
TN:
SF:routes\auth-routes.js
FN:13,(anonymous_0)
FNF:1
FNH:0
FNDA:0,(anonymous_0)
DA:1,1
DA:2,1
DA:5,1
DA:13,1
DA:15,0
DA:18,1
LF:6
LH:5
BRF:0
BRH:0
end_of_record
TN:
SF:routes\index.js
FN:6,(anonymous_0)
FN:9,(anonymous_1)
FNF:2
FNH:0
FNDA:0,(anonymous_0)
FNDA:0,(anonymous_1)
DA:1,1
DA:2,1
DA:3,1
DA:6,1
DA:9,1
DA:10,0
DA:15,1
LF:7
LH:6
BRF:0
BRH:0
end_of_record
TN:
SF:routes\users.js
FN:11,(anonymous_0)
FN:14,(anonymous_1)
FN:17,(anonymous_2)
FN:48,(anonymous_3)
FN:63,(anonymous_4)
FN:64,(anonymous_5)
FN:67,(anonymous_6)
FN:83,(anonymous_7)
FN:92,(anonymous_8)
FNF:9
FNH:1
FNDA:1,(anonymous_0)
FNDA:0,(anonymous_1)
FNDA:0,(anonymous_2)
FNDA:0,(anonymous_3)
FNDA:0,(anonymous_4)
FNDA:0,(anonymous_5)
FNDA:0,(anonymous_6)
FNDA:0,(anonymous_7)
FNDA:0,(anonymous_8)
DA:1,1
DA:2,1
DA:3,1
DA:4,1
DA:5,1
DA:6,1
DA:8,1
DA:11,1
DA:14,1
DA:17,1
DA:18,0
DA:19,0
DA:20,0
DA:22,0
DA:23,0
DA:26,0
DA:27,0
DA:30,0
DA:31,0
DA:33,0
DA:34,0
DA:37,0
DA:38,0
DA:48,0
DA:49,0
DA:50,0
DA:51,0
DA:60,0
DA:63,0
DA:64,0
DA:65,0
DA:66,0
DA:67,0
DA:68,0
DA:69,0
DA:70,0
DA:73,0
DA:83,1
DA:84,0
DA:92,1
DA:93,0
DA:94,0
DA:95,0
DA:98,1
LF:44
LH:13
BRDA:22,0,0,0
BRDA:22,0,1,0
BRDA:22,1,0,0
BRDA:22,1,1,0
BRDA:22,1,2,0
BRDA:22,1,3,0
BRDA:26,2,0,0
BRDA:26,2,1,0
BRDA:30,3,0,0
BRDA:30,3,1,0
BRDA:33,4,0,0
BRDA:33,4,1,0
BRDA:37,5,0,0
BRDA:37,5,1,0
BRDA:49,6,0,0
BRDA:49,6,1,0
BRDA:65,7,0,0
BRDA:65,7,1,0
BRDA:68,8,0,0
BRDA:68,8,1,0
BRF:20
BRH:0
end_of_record
